2020-12-30 15:01:14,875 INFO o.a.j.u.JMeterUtils: Setting Locale to zh_CN
2020-12-30 15:01:14,888 INFO o.a.j.JMeter: Loading user properties from: user.properties
2020-12-30 15:01:14,889 INFO o.a.j.JMeter: Loading system properties from: system.properties
2020-12-30 15:01:14,889 INFO o.a.j.JMeter: Setting JMeter property: jmeter.save.saveservice.output_format=xml
2020-12-30 15:01:14,895 INFO o.a.j.JMeter: Copyright (c) 1998-2020 The Apache Software Foundation
2020-12-30 15:01:14,895 INFO o.a.j.JMeter: Version 5.4
2020-12-30 15:01:14,895 INFO o.a.j.JMeter: java.version=1.8.0_131
2020-12-30 15:01:14,895 INFO o.a.j.JMeter: java.vm.name=Java HotSpot(TM) 64-Bit Server VM
2020-12-30 15:01:14,895 INFO o.a.j.JMeter: os.name=Windows 10
2020-12-30 15:01:14,895 INFO o.a.j.JMeter: os.arch=amd64
2020-12-30 15:01:14,895 INFO o.a.j.JMeter: os.version=10.0
2020-12-30 15:01:14,895 INFO o.a.j.JMeter: file.encoding=GBK
2020-12-30 15:01:14,895 INFO o.a.j.JMeter: java.awt.headless=true
2020-12-30 15:01:14,895 INFO o.a.j.JMeter: Max memory     =3803185152
2020-12-30 15:01:14,895 INFO o.a.j.JMeter: Available Processors =6
2020-12-30 15:01:14,901 INFO o.a.j.JMeter: Default Locale=中文 (中国)
2020-12-30 15:01:14,902 INFO o.a.j.JMeter: JMeter  Locale=中文 (中国)
2020-12-30 15:01:14,902 INFO o.a.j.JMeter: JMeterHome=D:\Test\apache-jmeter-5.4\apache-jmeter-5.4
2020-12-30 15:01:14,902 INFO o.a.j.JMeter: user.dir  =D:\Test\apache-jmeter-5.4\apache-jmeter-5.4\bin
2020-12-30 15:01:14,902 INFO o.a.j.JMeter: PWD       =D:\Test\apache-jmeter-5.4\apache-jmeter-5.4\bin
2020-12-30 15:01:14,904 INFO o.a.j.JMeter: IP: 192.168.72.1 Name: DESKTOP-3LVML6K FullName: 192.168.72.1
2020-12-30 15:01:14,908 INFO o.a.j.s.FileServer: Default base='D:\Test\apache-jmeter-5.4\apache-jmeter-5.4\bin'
2020-12-30 15:01:14,909 INFO o.a.j.s.FileServer: Set new base='D:\Test\apache-jmeter-5.4\apache-jmeter-5.4\TestSuite\script'
2020-12-30 15:01:15,000 INFO o.a.j.s.SaveService: Testplan (JMX) version: 2.2. Testlog (JTL) version: 2.2
2020-12-30 15:01:15,011 INFO o.a.j.s.SaveService: Using SaveService properties file encoding UTF-8
2020-12-30 15:01:15,015 INFO o.a.j.s.SaveService: Using SaveService properties version 5.0
2020-12-30 15:01:15,019 INFO o.a.j.s.SaveService: Loading file: D:\Test\apache-jmeter-5.4\apache-jmeter-5.4\TestSuite\script\book.jmx
2020-12-30 15:01:15,057 INFO o.a.j.p.h.s.HTTPSamplerBase: Parser for text/html is org.apache.jmeter.protocol.http.parser.LagartoBasedHtmlParser
2020-12-30 15:01:15,058 INFO o.a.j.p.h.s.HTTPSamplerBase: Parser for application/xhtml+xml is org.apache.jmeter.protocol.http.parser.LagartoBasedHtmlParser
2020-12-30 15:01:15,058 INFO o.a.j.p.h.s.HTTPSamplerBase: Parser for application/xml is org.apache.jmeter.protocol.http.parser.LagartoBasedHtmlParser
2020-12-30 15:01:15,058 INFO o.a.j.p.h.s.HTTPSamplerBase: Parser for text/xml is org.apache.jmeter.protocol.http.parser.LagartoBasedHtmlParser
2020-12-30 15:01:15,058 INFO o.a.j.p.h.s.HTTPSamplerBase: Parser for text/vnd.wap.wml is org.apache.jmeter.protocol.http.parser.RegexpHTMLParser
2020-12-30 15:01:15,058 INFO o.a.j.p.h.s.HTTPSamplerBase: Parser for text/css is org.apache.jmeter.protocol.http.parser.CssParser
2020-12-30 15:01:15,117 INFO o.a.j.JMeter: Creating summariser <summary>
2020-12-30 15:01:15,123 INFO o.a.j.e.StandardJMeterEngine: Running the test!
2020-12-30 15:01:15,124 INFO o.a.j.s.SampleEvent: List of sample_variables: []
2020-12-30 15:01:15,124 INFO o.a.j.s.SampleEvent: List of sample_variables: []
2020-12-30 15:01:15,127 INFO o.a.j.e.u.CompoundVariable: Note: Function class names must contain the string: '.functions.'
2020-12-30 15:01:15,127 INFO o.a.j.e.u.CompoundVariable: Note: Function class names must not contain the string: '.gui.'
2020-12-30 15:01:15,358 INFO o.a.j.JMeter: 正在运行的测试 (1609311675358)
2020-12-30 15:01:15,407 INFO o.a.j.e.StandardJMeterEngine: Starting ThreadGroup: 1 : 线程组
2020-12-30 15:01:15,407 INFO o.a.j.e.StandardJMeterEngine: Starting 1 threads for group 线程组.
2020-12-30 15:01:15,407 INFO o.a.j.e.StandardJMeterEngine: Thread will continue on error
2020-12-30 15:01:15,407 INFO o.a.j.t.ThreadGroup: Starting thread group... number=1 threads=1 ramp-up=1 delayedStart=false
2020-12-30 15:01:15,413 INFO o.a.j.t.ThreadGroup: Started thread group number 1
2020-12-30 15:01:15,414 INFO o.a.j.e.StandardJMeterEngine: All thread groups have been started
2020-12-30 15:01:15,415 INFO o.a.j.t.JMeterThread: Thread started: 线程组 1-1
2020-12-30 15:01:15,430 INFO o.a.j.p.h.s.HTTPHCAbstractImpl: Local host = DESKTOP-3LVML6K
2020-12-30 15:01:15,434 INFO o.a.j.p.h.s.HTTPHC4Impl: HTTP request retry count = 0
2020-12-30 15:01:15,435 INFO o.a.j.s.SampleResult: Note: Sample TimeStamps are START times
2020-12-30 15:01:15,435 INFO o.a.j.s.SampleResult: sampleresult.default.encoding is set to UTF-8
2020-12-30 15:01:15,435 INFO o.a.j.s.SampleResult: sampleresult.useNanoTime=true
2020-12-30 15:01:15,435 INFO o.a.j.s.SampleResult: sampleresult.nanoThreadSleep=5000
2020-12-30 15:01:15,570 INFO o.a.j.t.JMeterThread: Thread is done: 线程组 1-1
2020-12-30 15:01:15,570 INFO o.a.j.t.JMeterThread: Thread finished: 线程组 1-1
2020-12-30 15:01:15,570 INFO o.a.j.e.StandardJMeterEngine: Notifying test listeners of end of test
2020-12-30 15:01:15,571 INFO o.a.j.r.Summariser: summary =      6 in 00:00:00 =   28.2/s Avg:     7 Min:     2 Max:    33 Err:     0 (0.00%)
